# JRE version: Java(TM) SE Runtime Environment (8.0_101-b13) (build 1.8.0_101-b13)
# Java VM: Java HotSpot(TM) 64-Bit Server VM (25.101-b13 mixed mode windows-amd64 compressed oops)
Heap:
 PSYoungGen      total 315392K, used 82979K [0x00000000e0000000, 0x00000000fa180000, 0x0000000100000000)
  eden space 275968K, 15% used [0x00000000e0000000,0x00000000e2a8ba68,0x00000000f0d80000)
  from space 39424K, 99% used [0x00000000f0d80000,0x00000000f33fd438,0x00000000f3400000)
  to   space 47616K, 0% used [0x00000000f7300000,0x00000000f7300000,0x00000000fa180000)
 ParOldGen       total 143360K, used 89365K [0x00000000a0000000, 0x00000000a8c00000, 0x00000000e0000000)
  object space 143360K, 62% used [0x00000000a0000000,0x00000000a5745728,0x00000000a8c00000)
 Metaspace       used 85594K, capacity 89382K, committed 89600K, reserved 1126400K
  class space    used 11442K, capacity 12251K, committed 12288K, reserved 1048576K
GC Heap History (10 events):
Event: 15.302 GC heap before
{Heap before GC invocations=14 (full 3):
 PSYoungGen      total 202752K, used 11728K [0x00000000e0000000, 0x00000000f1280000, 0x0000000100000000)
  eden space 180736K, 0% used [0x00000000e0000000,0x00000000e0000000,0x00000000eb080000)
  from space 22016K, 53% used [0x00000000eb080000,0x00000000ebbf4040,0x00000000ec600000)
  to   space 20992K, 0% used [0x00000000efe00000,0x00000000efe00000,0x00000000f1280000)
 ParOldGen       total 102400K, used 35632K [0x00000000a0000000, 0x00000000a6400000, 0x00000000e0000000)
  object space 102400K, 34% used [0x00000000a0000000,0x00000000a22cc3c8,0x00000000a6400000)
 Metaspace       used 57427K, capacity 59050K, committed 59136K, reserved 1099776K
  class space    used 8026K, capacity 8432K, committed 8448K, reserved 1048576K
Event: 15.537 GC heap after
Heap after GC invocations=14 (full 3):
 PSYoungGen      total 202752K, used 0K [0x00000000e0000000, 0x00000000f1280000, 0x0000000100000000)
  eden space 180736K, 0% used [0x00000000e0000000,0x00000000e0000000,0x00000000eb080000)
  from space 22016K, 0% used [0x00000000eb080000,0x00000000eb080000,0x00000000ec600000)
  to   space 20992K, 0% used [0x00000000efe00000,0x00000000efe00000,0x00000000f1280000)
 ParOldGen       total 143360K, used 34277K [0x00000000a0000000, 0x00000000a8c00000, 0x00000000e0000000)
  object space 143360K, 23% used [0x00000000a0000000,0x00000000a2179490,0x00000000a8c00000)
 Metaspace       used 57427K, capacity 59050K, committed 59136K, reserved 1099776K
  class space    used 8026K, capacity 8432K, committed 8448K, reserved 1048576K
}
Event: 19.046 GC heap before
{Heap before GC invocations=15 (full 3):
 PSYoungGen      total 202752K, used 180736K [0x00000000e0000000, 0x00000000f1280000, 0x0000000100000000)
  eden space 180736K, 100% used [0x00000000e0000000,0x00000000eb080000,0x00000000eb080000)
  from space 22016K, 0% used [0x00000000eb080000,0x00000000eb080000,0x00000000ec600000)
  to   space 20992K, 0% used [0x00000000efe00000,0x00000000efe00000,0x00000000f1280000)
 ParOldGen       total 143360K, used 34277K [0x00000000a0000000, 0x00000000a8c00000, 0x00000000e0000000)
  object space 143360K, 23% used [0x00000000a0000000,0x00000000a2179490,0x00000000a8c00000)
 Metaspace       used 66896K, capacity 69102K, committed 69120K, reserved 1107968K
  class space    used 9250K, capacity 9720K, committed 9728K, reserved 1048576K
Event: 19.133 GC heap after
Heap after GC invocations=15 (full 3):
 PSYoungGen      total 246272K, used 20967K [0x00000000e0000000, 0x00000000f2b00000, 0x0000000100000000)
  eden space 225280K, 0% used [0x00000000e0000000,0x00000000e0000000,0x00000000edc00000)
  from space 20992K, 99% used [0x00000000efe00000,0x00000000f1279d08,0x00000000f1280000)
  to   space 34816K, 0% used [0x00000000edc00000,0x00000000edc00000,0x00000000efe00000)
 ParOldGen       total 143360K, used 63000K [0x00000000a0000000, 0x00000000a8c00000, 0x00000000e0000000)
  object space 143360K, 43% used [0x00000000a0000000,0x00000000a3d862d8,0x00000000a8c00000)
 Metaspace       used 66896K, capacity 69102K, committed 69120K, reserved 1107968K
  class space    used 9250K, capacity 9720K, committed 9728K, reserved 1048576K
}
Event: 430.214 GC heap before
{Heap before GC invocations=16 (full 3):
 PSYoungGen      total 246272K, used 246247K [0x00000000e0000000, 0x00000000f2b00000, 0x0000000100000000)
  eden space 225280K, 100% used [0x00000000e0000000,0x00000000edc00000,0x00000000edc00000)
  from space 20992K, 99% used [0x00000000efe00000,0x00000000f1279d08,0x00000000f1280000)
  to   space 34816K, 0% used [0x00000000edc00000,0x00000000edc00000,0x00000000efe00000)
 ParOldGen       total 143360K, used 63000K [0x00000000a0000000, 0x00000000a8c00000, 0x00000000e0000000)
  object space 143360K, 43% used [0x00000000a0000000,0x00000000a3d862d8,0x00000000a8c00000)
 Metaspace       used 76639K, capacity 79572K, committed 79744K, reserved 1118208K
  class space    used 10402K, capacity 11033K, committed 11136K, reserved 1048576K
Event: 430.297 GC heap after
Heap after GC invocations=16 (full 3):
 PSYoungGen      total 260096K, used 22089K [0x00000000e0000000, 0x00000000f5b80000, 0x0000000100000000)
  eden space 225280K, 0% used [0x00000000e0000000,0x00000000e0000000,0x00000000edc00000)
  from space 34816K, 63% used [0x00000000edc00000,0x00000000ef192548,0x00000000efe00000)
  to   space 35328K, 0% used [0x00000000f3900000,0x00000000f3900000,0x00000000f5b80000)
 ParOldGen       total 143360K, used 83506K [0x00000000a0000000, 0x00000000a8c00000, 0x00000000e0000000)
  object space 143360K, 58% used [0x00000000a0000000,0x00000000a518c948,0x00000000a8c00000)
 Metaspace       used 76639K, capacity 79572K, committed 79744K, reserved 1118208K
  class space    used 10402K, capacity 11033K, committed 11136K, reserved 1048576K
}
Event: 560.164 GC heap before
{Heap before GC invocations=17 (full 3):
 PSYoungGen      total 260096K, used 247369K [0x00000000e0000000, 0x00000000f5b80000, 0x0000000100000000)
  eden space 225280K, 100% used [0x00000000e0000000,0x00000000edc00000,0x00000000edc00000)
  from space 34816K, 63% used [0x00000000edc00000,0x00000000ef192548,0x00000000efe00000)
  to   space 35328K, 0% used [0x00000000f3900000,0x00000000f3900000,0x00000000f5b80000)
 ParOldGen       total 143360K, used 83506K [0x00000000a0000000, 0x00000000a8c00000, 0x00000000e0000000)
  object space 143360K, 58% used [0x00000000a0000000,0x00000000a518c948,0x00000000a8c00000)
 Metaspace       used 82792K, capacity 86368K, committed 86528K, reserved 1124352K
  class space    used 11221K, capacity 12006K, committed 12032K, reserved 1048576K
Event: 560.204 GC heap after
Heap after GC invocations=17 (full 3):
 PSYoungGen      total 310272K, used 31395K [0x00000000e0000000, 0x00000000f5a80000, 0x0000000100000000)
  eden space 275968K, 0% used [0x00000000e0000000,0x00000000e0000000,0x00000000f0d80000)
  from space 34304K, 91% used [0x00000000f3900000,0x00000000f57a8ff8,0x00000000f5a80000)
  to   space 39424K, 0% used [0x00000000f0d80000,0x00000000f0d80000,0x00000000f3400000)
 ParOldGen       total 143360K, used 83514K [0x00000000a0000000, 0x00000000a8c00000, 0x00000000e0000000)
  object space 143360K, 58% used [0x00000000a0000000,0x00000000a518e948,0x00000000a8c00000)
 Metaspace       used 82792K, capacity 86368K, committed 86528K, reserved 1124352K
  class space    used 11221K, capacity 12006K, committed 12032K, reserved 1048576K
}
Event: 572.128 GC heap before
{Heap before GC invocations=18 (full 3):
 PSYoungGen      total 310272K, used 307363K [0x00000000e0000000, 0x00000000f5a80000, 0x0000000100000000)
  eden space 275968K, 100% used [0x00000000e0000000,0x00000000f0d80000,0x00000000f0d80000)
  from space 34304K, 91% used [0x00000000f3900000,0x00000000f57a8ff8,0x00000000f5a80000)
  to   space 39424K, 0% used [0x00000000f0d80000,0x00000000f0d80000,0x00000000f3400000)
 ParOldGen       total 143360K, used 83514K [0x00000000a0000000, 0x00000000a8c00000, 0x00000000e0000000)
  object space 143360K, 58% used [0x00000000a0000000,0x00000000a518e948,0x00000000a8c00000)
 Metaspace       used 84726K, capacity 88390K, committed 88576K, reserved 1126400K
  class space    used 11361K, capacity 12171K, committed 12288K, reserved 1048576K
Event: 572.212 GC heap after
Heap after GC invocations=18 (full 3):
 PSYoungGen      total 315392K, used 39413K [0x00000000e0000000, 0x00000000fa180000, 0x0000000100000000)
  eden space 275968K, 0% used [0x00000000e0000000,0x00000000e0000000,0x00000000f0d80000)
  from space 39424K, 99% used [0x00000000f0d80000,0x00000000f33fd438,0x00000000f3400000)
  to   space 47616K, 0% used [0x00000000f7300000,0x00000000f7300000,0x00000000fa180000)
 ParOldGen       total 143360K, used 89365K [0x00000000a0000000, 0x00000000a8c00000, 0x00000000e0000000)
  object space 143360K, 62% used [0x00000000a0000000,0x00000000a5745728,0x00000000a8c00000)
 Metaspace       used 84726K, capacity 88390K, committed 88576K, reserved 1126400K
  class space    used 11361K, capacity 12171K, committed 12288K, reserved 1048576K
}

