# JRE version: Java(TM) SE Runtime Environment (8.0_101-b13) (build 1.8.0_101-b13)
# Java VM: Java HotSpot(TM) 64-Bit Server VM (25.101-b13 mixed mode windows-amd64 compressed oops)
Heap:
 PSYoungGen      total 439296K, used 66959K [0x00000000e0000000, 0x00000000fd300000, 0x0000000100000000)
  eden space 400384K, 13% used [0x00000000e0000000,0x00000000e33d2738,0x00000000f8700000)
  from space 38912K, 35% used [0x00000000f8700000,0x00000000f94917e0,0x00000000fad00000)
  to   space 32256K, 0% used [0x00000000fb380000,0x00000000fb380000,0x00000000fd300000)
 ParOldGen       total 197120K, used 62699K [0x00000000a0000000, 0x00000000ac080000, 0x00000000e0000000)
  object space 197120K, 31% used [0x00000000a0000000,0x00000000a3d3ad18,0x00000000ac080000)
 Metaspace       used 95330K, capacity 100280K, committed 100736K, reserved 1136640K
  class space    used 12327K, capacity 13272K, committed 13440K, reserved 1048576K
GC Heap History (10 events):
Event: 2735.551 GC heap before
{Heap before GC invocations=35 (full 4):
 PSYoungGen      total 375808K, used 354821K [0x00000000e0000000, 0x00000000fa080000, 0x0000000100000000)
  eden space 338432K, 100% used [0x00000000e0000000,0x00000000f4a80000,0x00000000f4a80000)
  from space 37376K, 43% used [0x00000000f7c00000,0x00000000f8c01598,0x00000000fa080000)
  to   space 44032K, 0% used [0x00000000f4a80000,0x00000000f4a80000,0x00000000f7580000)
 ParOldGen       total 197120K, used 62675K [0x00000000a0000000, 0x00000000ac080000, 0x00000000e0000000)
  object space 197120K, 31% used [0x00000000a0000000,0x00000000a3d34d18,0x00000000ac080000)
 Metaspace       used 94433K, capacity 98926K, committed 99968K, reserved 1136640K
  class space    used 12247K, capacity 13135K, committed 13440K, reserved 1048576K
Event: 2735.580 GC heap after
Heap after GC invocations=35 (full 4):
 PSYoungGen      total 382464K, used 4757K [0x00000000e0000000, 0x00000000fc580000, 0x0000000100000000)
  eden space 338432K, 0% used [0x00000000e0000000,0x00000000e0000000,0x00000000f4a80000)
  from space 44032K, 10% used [0x00000000f4a80000,0x00000000f4f255e8,0x00000000f7580000)
  to   space 44544K, 0% used [0x00000000f9a00000,0x00000000f9a00000,0x00000000fc580000)
 ParOldGen       total 197120K, used 62675K [0x00000000a0000000, 0x00000000ac080000, 0x00000000e0000000)
  object space 197120K, 31% used [0x00000000a0000000,0x00000000a3d34d18,0x00000000ac080000)
 Metaspace       used 94433K, capacity 98926K, committed 99968K, reserved 1136640K
  class space    used 12247K, capacity 13135K, committed 13440K, reserved 1048576K
}
Event: 2738.353 GC heap before
{Heap before GC invocations=36 (full 4):
 PSYoungGen      total 382464K, used 342973K [0x00000000e0000000, 0x00000000fc580000, 0x0000000100000000)
  eden space 338432K, 99% used [0x00000000e0000000,0x00000000f4a49fd0,0x00000000f4a80000)
  from space 44032K, 10% used [0x00000000f4a80000,0x00000000f4f255e8,0x00000000f7580000)
  to   space 44544K, 0% used [0x00000000f9a00000,0x00000000f9a00000,0x00000000fc580000)
 ParOldGen       total 197120K, used 62675K [0x00000000a0000000, 0x00000000ac080000, 0x00000000e0000000)
  object space 197120K, 31% used [0x00000000a0000000,0x00000000a3d34d18,0x00000000ac080000)
 Metaspace       used 94561K, capacity 98966K, committed 99968K, reserved 1136640K
  class space    used 12251K, capacity 13141K, committed 13440K, reserved 1048576K
Event: 2738.377 GC heap after
Heap after GC invocations=36 (full 4):
 PSYoungGen      total 417792K, used 13010K [0x00000000e0000000, 0x00000000fc280000, 0x0000000100000000)
  eden space 376320K, 0% used [0x00000000e0000000,0x00000000e0000000,0x00000000f6f80000)
  from space 41472K, 31% used [0x00000000f9a00000,0x00000000fa6b4ac0,0x00000000fc280000)
  to   space 42496K, 0% used [0x00000000f6f80000,0x00000000f6f80000,0x00000000f9900000)
 ParOldGen       total 197120K, used 62675K [0x00000000a0000000, 0x00000000ac080000, 0x00000000e0000000)
  object space 197120K, 31% used [0x00000000a0000000,0x00000000a3d34d18,0x00000000ac080000)
 Metaspace       used 94561K, capacity 98966K, committed 99968K, reserved 1136640K
  class space    used 12251K, capacity 13141K, committed 13440K, reserved 1048576K
}
Event: 3018.830 GC heap before
{Heap before GC invocations=37 (full 4):
 PSYoungGen      total 417792K, used 389330K [0x00000000e0000000, 0x00000000fc280000, 0x0000000100000000)
  eden space 376320K, 100% used [0x00000000e0000000,0x00000000f6f80000,0x00000000f6f80000)
  from space 41472K, 31% used [0x00000000f9a00000,0x00000000fa6b4ac0,0x00000000fc280000)
  to   space 42496K, 0% used [0x00000000f6f80000,0x00000000f6f80000,0x00000000f9900000)
 ParOldGen       total 197120K, used 62675K [0x00000000a0000000, 0x00000000ac080000, 0x00000000e0000000)
  object space 197120K, 31% used [0x00000000a0000000,0x00000000a3d34d18,0x00000000ac080000)
 Metaspace       used 95025K, capacity 99894K, committed 100224K, reserved 1136640K
  class space    used 12315K, capacity 13253K, committed 13440K, reserved 1048576K
Event: 3018.864 GC heap after
Heap after GC invocations=37 (full 4):
 PSYoungGen      total 418816K, used 18424K [0x00000000e0000000, 0x00000000fdb00000, 0x0000000100000000)
  eden space 376320K, 0% used [0x00000000e0000000,0x00000000e0000000,0x00000000f6f80000)
  from space 42496K, 43% used [0x00000000f6f80000,0x00000000f817e380,0x00000000f9900000)
  to   space 40448K, 0% used [0x00000000fb380000,0x00000000fb380000,0x00000000fdb00000)
 ParOldGen       total 197120K, used 62683K [0x00000000a0000000, 0x00000000ac080000, 0x00000000e0000000)
  object space 197120K, 31% used [0x00000000a0000000,0x00000000a3d36d18,0x00000000ac080000)
 Metaspace       used 95025K, capacity 99894K, committed 100224K, reserved 1136640K
  class space    used 12315K, capacity 13253K, committed 13440K, reserved 1048576K
}
Event: 3086.106 GC heap before
{Heap before GC invocations=38 (full 4):
 PSYoungGen      total 418816K, used 394744K [0x00000000e0000000, 0x00000000fdb00000, 0x0000000100000000)
  eden space 376320K, 100% used [0x00000000e0000000,0x00000000f6f80000,0x00000000f6f80000)
  from space 42496K, 43% used [0x00000000f6f80000,0x00000000f817e380,0x00000000f9900000)
  to   space 40448K, 0% used [0x00000000fb380000,0x00000000fb380000,0x00000000fdb00000)
 ParOldGen       total 197120K, used 62683K [0x00000000a0000000, 0x00000000ac080000, 0x00000000e0000000)
  object space 197120K, 31% used [0x00000000a0000000,0x00000000a3d36d18,0x00000000ac080000)
 Metaspace       used 95153K, capacity 99998K, committed 100480K, reserved 1136640K
  class space    used 12324K, capacity 13269K, committed 13440K, reserved 1048576K
Event: 3086.134 GC heap after
Heap after GC invocations=38 (full 4):
 PSYoungGen      total 432640K, used 13338K [0x00000000e0000000, 0x00000000fd300000, 0x0000000100000000)
  eden space 400384K, 0% used [0x00000000e0000000,0x00000000e0000000,0x00000000f8700000)
  from space 32256K, 41% used [0x00000000fb380000,0x00000000fc086878,0x00000000fd300000)
  to   space 38912K, 0% used [0x00000000f8700000,0x00000000f8700000,0x00000000fad00000)
 ParOldGen       total 197120K, used 62691K [0x00000000a0000000, 0x00000000ac080000, 0x00000000e0000000)
  object space 197120K, 31% used [0x00000000a0000000,0x00000000a3d38d18,0x00000000ac080000)
 Metaspace       used 95153K, capacity 99998K, committed 100480K, reserved 1136640K
  class space    used 12324K, capacity 13269K, committed 13440K, reserved 1048576K
}
Event: 3134.588 GC heap before
{Heap before GC invocations=39 (full 4):
 PSYoungGen      total 432640K, used 413722K [0x00000000e0000000, 0x00000000fd300000, 0x0000000100000000)
  eden space 400384K, 100% used [0x00000000e0000000,0x00000000f8700000,0x00000000f8700000)
  from space 32256K, 41% used [0x00000000fb380000,0x00000000fc086878,0x00000000fd300000)
  to   space 38912K, 0% used [0x00000000f8700000,0x00000000f8700000,0x00000000fad00000)
 ParOldGen       total 197120K, used 62691K [0x00000000a0000000, 0x00000000ac080000, 0x00000000e0000000)
  object space 197120K, 31% used [0x00000000a0000000,0x00000000a3d38d18,0x00000000ac080000)
 Metaspace       used 95308K, capacity 100280K, committed 100736K, reserved 1136640K
  class space    used 12327K, capacity 13272K, committed 13440K, reserved 1048576K
Event: 3134.604 GC heap after
Heap after GC invocations=39 (full 4):
 PSYoungGen      total 439296K, used 13893K [0x00000000e0000000, 0x00000000fd300000, 0x0000000100000000)
  eden space 400384K, 0% used [0x00000000e0000000,0x00000000e0000000,0x00000000f8700000)
  from space 38912K, 35% used [0x00000000f8700000,0x00000000f94917e0,0x00000000fad00000)
  to   space 32256K, 0% used [0x00000000fb380000,0x00000000fb380000,0x00000000fd300000)
 ParOldGen       total 197120K, used 62699K [0x00000000a0000000, 0x00000000ac080000, 0x00000000e0000000)
  object space 197120K, 31% used [0x00000000a0000000,0x00000000a3d3ad18,0x00000000ac080000)
 Metaspace       used 95308K, capacity 100280K, committed 100736K, reserved 1136640K
  class space    used 12327K, capacity 13272K, committed 13440K, reserved 1048576K
}

