# JRE version: Java(TM) SE Runtime Environment (8.0_101-b13) (build 1.8.0_101-b13)
# Java VM: Java HotSpot(TM) 64-Bit Server VM (25.101-b13 mixed mode windows-amd64 compressed oops)
Heap:
 PSYoungGen      total 438784K, used 416889K [0x00000000e0000000, 0x00000000fcb00000, 0x0000000100000000)
  eden space 411136K, 100% used [0x00000000e0000000,0x00000000f9180000,0x00000000f9180000)
  from space 27648K, 20% used [0x00000000f9180000,0x00000000f971e568,0x00000000fac80000)
  to   space 27648K, 9% used [0x00000000fac80000,0x00000000faf1c050,0x00000000fc780000)
 ParOldGen       total 127488K, used 43268K [0x00000000a0000000, 0x00000000a7c80000, 0x00000000e0000000)
  object space 127488K, 33% used [0x00000000a0000000,0x00000000a2a413c0,0x00000000a7c80000)
 Metaspace       used 72865K, capacity 75564K, committed 75904K, reserved 1114112K
  class space    used 9709K, capacity 10241K, committed 10368K, reserved 1048576K
GC Heap History (10 events):
Event: 66.687 GC heap before
{Heap before GC invocations=16 (full 3):
 PSYoungGen      total 256512K, used 233984K [0x00000000e0000000, 0x00000000f1d80000, 0x0000000100000000)
  eden space 233984K, 100% used [0x00000000e0000000,0x00000000ee480000,0x00000000ee480000)
  from space 22528K, 0% used [0x00000000efb80000,0x00000000efb80000,0x00000000f1180000)
  to   space 23552K, 0% used [0x00000000ee480000,0x00000000ee480000,0x00000000efb80000)
 ParOldGen       total 127488K, used 30311K [0x00000000a0000000, 0x00000000a7c80000, 0x00000000e0000000)
  object space 127488K, 23% used [0x00000000a0000000,0x00000000a1d99eb8,0x00000000a7c80000)
 Metaspace       used 68768K, capacity 71030K, committed 71296K, reserved 1110016K
  class space    used 9301K, capacity 9804K, committed 9856K, reserved 1048576K
Event: 66.768 GC heap after
Heap after GC invocations=16 (full 3):
 PSYoungGen      total 257536K, used 23540K [0x00000000e0000000, 0x00000000f5d80000, 0x0000000100000000)
  eden space 233984K, 0% used [0x00000000e0000000,0x00000000e0000000,0x00000000ee480000)
  from space 23552K, 99% used [0x00000000ee480000,0x00000000efb7d370,0x00000000efb80000)
  to   space 27136K, 0% used [0x00000000f4300000,0x00000000f4300000,0x00000000f5d80000)
 ParOldGen       total 127488K, used 31982K [0x00000000a0000000, 0x00000000a7c80000, 0x00000000e0000000)
  object space 127488K, 25% used [0x00000000a0000000,0x00000000a1f3bac0,0x00000000a7c80000)
 Metaspace       used 68768K, capacity 71030K, committed 71296K, reserved 1110016K
  class space    used 9301K, capacity 9804K, committed 9856K, reserved 1048576K
}
Event: 69.978 GC heap before
{Heap before GC invocations=17 (full 3):
 PSYoungGen      total 257536K, used 257524K [0x00000000e0000000, 0x00000000f5d80000, 0x0000000100000000)
  eden space 233984K, 100% used [0x00000000e0000000,0x00000000ee480000,0x00000000ee480000)
  from space 23552K, 99% used [0x00000000ee480000,0x00000000efb7d370,0x00000000efb80000)
  to   space 27136K, 0% used [0x00000000f4300000,0x00000000f4300000,0x00000000f5d80000)
 ParOldGen       total 127488K, used 31982K [0x00000000a0000000, 0x00000000a7c80000, 0x00000000e0000000)
  object space 127488K, 25% used [0x00000000a0000000,0x00000000a1f3bac0,0x00000000a7c80000)
 Metaspace       used 71416K, capacity 73770K, committed 73856K, reserved 1114112K
  class space    used 9560K, capacity 10084K, committed 10112K, reserved 1048576K
Event: 70.045 GC heap after
Heap after GC invocations=17 (full 3):
 PSYoungGen      total 328704K, used 21497K [0x00000000e0000000, 0x00000000f6d00000, 0x0000000100000000)
  eden space 301568K, 0% used [0x00000000e0000000,0x00000000e0000000,0x00000000f2680000)
  from space 27136K, 79% used [0x00000000f4300000,0x00000000f57fe700,0x00000000f5d80000)
  to   space 29184K, 0% used [0x00000000f2680000,0x00000000f2680000,0x00000000f4300000)
 ParOldGen       total 127488K, used 31990K [0x00000000a0000000, 0x00000000a7c80000, 0x00000000e0000000)
  object space 127488K, 25% used [0x00000000a0000000,0x00000000a1f3dac0,0x00000000a7c80000)
 Metaspace       used 71416K, capacity 73770K, committed 73856K, reserved 1114112K
  class space    used 9560K, capacity 10084K, committed 10112K, reserved 1048576K
}
Event: 72.178 GC heap before
{Heap before GC invocations=18 (full 3):
 PSYoungGen      total 328704K, used 323065K [0x00000000e0000000, 0x00000000f6d00000, 0x0000000100000000)
  eden space 301568K, 100% used [0x00000000e0000000,0x00000000f2680000,0x00000000f2680000)
  from space 27136K, 79% used [0x00000000f4300000,0x00000000f57fe700,0x00000000f5d80000)
  to   space 29184K, 0% used [0x00000000f2680000,0x00000000f2680000,0x00000000f4300000)
 ParOldGen       total 127488K, used 31990K [0x00000000a0000000, 0x00000000a7c80000, 0x00000000e0000000)
  object space 127488K, 25% used [0x00000000a0000000,0x00000000a1f3dac0,0x00000000a7c80000)
 Metaspace       used 72637K, capacity 75348K, committed 75648K, reserved 1114112K
  class space    used 9708K, capacity 10241K, committed 10368K, reserved 1048576K
Event: 72.215 GC heap after
Heap after GC invocations=18 (full 3):
 PSYoungGen      total 330752K, used 14056K [0x00000000e0000000, 0x00000000fc780000, 0x0000000100000000)
  eden space 301568K, 0% used [0x00000000e0000000,0x00000000e0000000,0x00000000f2680000)
  from space 29184K, 48% used [0x00000000f2680000,0x00000000f343a168,0x00000000f4300000)
  to   space 27648K, 0% used [0x00000000fac80000,0x00000000fac80000,0x00000000fc780000)
 ParOldGen       total 127488K, used 31998K [0x00000000a0000000, 0x00000000a7c80000, 0x00000000e0000000)
  object space 127488K, 25% used [0x00000000a0000000,0x00000000a1f3fac0,0x00000000a7c80000)
 Metaspace       used 72637K, capacity 75348K, committed 75648K, reserved 1114112K
  class space    used 9708K, capacity 10241K, committed 10368K, reserved 1048576K
}
Event: 74.558 GC heap before
{Heap before GC invocations=19 (full 3):
 PSYoungGen      total 330752K, used 315624K [0x00000000e0000000, 0x00000000fc780000, 0x0000000100000000)
  eden space 301568K, 100% used [0x00000000e0000000,0x00000000f2680000,0x00000000f2680000)
  from space 29184K, 48% used [0x00000000f2680000,0x00000000f343a168,0x00000000f4300000)
  to   space 27648K, 0% used [0x00000000fac80000,0x00000000fac80000,0x00000000fc780000)
 ParOldGen       total 127488K, used 31998K [0x00000000a0000000, 0x00000000a7c80000, 0x00000000e0000000)
  object space 127488K, 25% used [0x00000000a0000000,0x00000000a1f3fac0,0x00000000a7c80000)
 Metaspace       used 72753K, capacity 75428K, committed 75648K, reserved 1114112K
  class space    used 9709K, capacity 10241K, committed 10368K, reserved 1048576K
Event: 74.598 GC heap after
Heap after GC invocations=19 (full 3):
 PSYoungGen      total 438784K, used 4627K [0x00000000e0000000, 0x00000000fcb00000, 0x0000000100000000)
  eden space 411136K, 0% used [0x00000000e0000000,0x00000000e0000000,0x00000000f9180000)
  from space 27648K, 16% used [0x00000000fac80000,0x00000000fb104e80,0x00000000fc780000)
  to   space 27648K, 0% used [0x00000000f9180000,0x00000000f9180000,0x00000000fac80000)
 ParOldGen       total 127488K, used 43108K [0x00000000a0000000, 0x00000000a7c80000, 0x00000000e0000000)
  object space 127488K, 33% used [0x00000000a0000000,0x00000000a2a193c0,0x00000000a7c80000)
 Metaspace       used 72753K, capacity 75428K, committed 75648K, reserved 1114112K
  class space    used 9709K, capacity 10241K, committed 10368K, reserved 1048576K
}
Event: 77.443 GC heap before
{Heap before GC invocations=20 (full 3):
 PSYoungGen      total 438784K, used 415763K [0x00000000e0000000, 0x00000000fcb00000, 0x0000000100000000)
  eden space 411136K, 100% used [0x00000000e0000000,0x00000000f9180000,0x00000000f9180000)
  from space 27648K, 16% used [0x00000000fac80000,0x00000000fb104e80,0x00000000fc780000)
  to   space 27648K, 0% used [0x00000000f9180000,0x00000000f9180000,0x00000000fac80000)
 ParOldGen       total 127488K, used 43108K [0x00000000a0000000, 0x00000000a7c80000, 0x00000000e0000000)
  object space 127488K, 33% used [0x00000000a0000000,0x00000000a2a193c0,0x00000000a7c80000)
 Metaspace       used 72814K, capacity 75496K, committed 75648K, reserved 1114112K
  class space    used 9709K, capacity 10241K, committed 10368K, reserved 1048576K
Event: 77.478 GC heap after
Heap after GC invocations=20 (full 3):
 PSYoungGen      total 438784K, used 5753K [0x00000000e0000000, 0x00000000fcb00000, 0x0000000100000000)
  eden space 411136K, 0% used [0x00000000e0000000,0x00000000e0000000,0x00000000f9180000)
  from space 27648K, 20% used [0x00000000f9180000,0x00000000f971e568,0x00000000fac80000)
  to   space 27648K, 0% used [0x00000000fac80000,0x00000000fac80000,0x00000000fc780000)
 ParOldGen       total 127488K, used 43260K [0x00000000a0000000, 0x00000000a7c80000, 0x00000000e0000000)
  object space 127488K, 33% used [0x00000000a0000000,0x00000000a2a3f3c0,0x00000000a7c80000)
 Metaspace       used 72814K, capacity 75496K, committed 75648K, reserved 1114112K
  class space    used 9709K, capacity 10241K, committed 10368K, reserved 1048576K
}

